<?xml version="1.0" encoding="UTF-8"?>
<!-- Generated by org.testng.reporters.JUnitXMLReporter -->
<testsuite hostname="U6043535-TPL-A" name="T_01" tests="1" failures="1" timestamp="11 Nov 2017 15:39:16 GMT" time="72.234" errors="0">
  <testcase name="AccounttrustTaxLogin" time="72.22" classname="com.TrustTaxQA.SmokeTest1">
    <failure type="java.lang.NullPointerException">
      <![CDATA[java.lang.NullPointerException
	at com.TrustTaxQA.SmokeTest1.AccounttrustTaxLogin(SmokeTest1.java:39)
	at java.util.concurrent.FutureTask.run(Unknown Source)
	at java.util.concurrent.ThreadPoolExecutor.runWorker(Unknown Source)
	at java.util.concurrent.ThreadPoolExecutor$Worker.run(Unknown Source)
	at java.lang.Thread.run(Unknown Source)
... Removed 16 stack frames]]>
    </failure>
  </testcase> <!-- AccounttrustTaxLogin -->
</testsuite> <!-- T_01 -->
