<?xml version="1.0" encoding="UTF-8"?>
<!-- Generated by org.testng.reporters.JUnitXMLReporter -->
<testsuite hostname="U6043535-TPL-A" name="Method Test Cases" tests="1" failures="1" timestamp="16 Nov 2017 18:53:39 GMT" time="7.372" errors="0">
  <testcase name="AccounttrustTaxLogin1" time="7.356" classname="com.TrustTaxQA.SmokeTest1">
    <failure type="java.lang.NullPointerException">
      <![CDATA[java.lang.NullPointerException
	at com.TrustTaxQA.SmokeTest1.AccounttrustTaxLogin1(SmokeTest1.java:44)
	at java.util.concurrent.ThreadPoolExecutor.runWorker(Unknown Source)
	at java.util.concurrent.ThreadPoolExecutor$Worker.run(Unknown Source)
	at java.lang.Thread.run(Unknown Source)
... Removed 10 stack frames]]>
    </failure>
  </testcase> <!-- AccounttrustTaxLogin1 -->
</testsuite> <!-- Method Test Cases -->
