<?xml version="1.0" encoding="UTF-8"?>
<!-- Generated by org.testng.reporters.JUnitXMLReporter -->
<testsuite hostname="U6043535-TPL-A" name="Test 2" tests="1" failures="1" timestamp="14 Nov 2017 11:30:17 GMT" time="3.789" errors="0">
  <testcase name="AccounttrustTaxLogin" time="3.787" classname="com.TrustTaxQA.SmokeTest2">
    <failure type="java.lang.NullPointerException">
      <![CDATA[java.lang.NullPointerException
	at com.TrustTaxQA.SmokeTest2.AccounttrustTaxLogin(SmokeTest2.java:39)
... Removed 24 stack frames]]>
    </failure>
  </testcase> <!-- AccounttrustTaxLogin -->
</testsuite> <!-- Test 2 -->
