<?xml version="1.0" encoding="UTF-8"?>
<!-- Generated by org.testng.reporters.JUnitXMLReporter -->
<testsuite hostname="U6043535-TPL-A" name="Test 1" tests="1" failures="1" timestamp="14 Nov 2017 11:30:13 GMT" time="4.85" errors="0">
  <testcase name="AccounttrustTaxLogin" time="4.842" classname="com.TrustTaxQA.SmokeTest1">
    <failure type="java.lang.NullPointerException">
      <![CDATA[java.lang.NullPointerException
	at com.TrustTaxQA.SmokeTest1.AccounttrustTaxLogin(SmokeTest1.java:39)
... Removed 24 stack frames]]>
    </failure>
  </testcase> <!-- AccounttrustTaxLogin -->
</testsuite> <!-- Test 1 -->
