<?xml version="1.0" encoding="UTF-8"?>
<!-- Generated by org.testng.reporters.JUnitXMLReporter -->
<testsuite hostname="U6043535-TPL-A" name="Test 4" tests="1" failures="1" timestamp="14 Nov 2017 11:34:26 GMT" time="4.534" errors="0">
  <testcase name="AccounttrustTaxLogin" time="4.525" classname="com.TrustTaxQA.SmokeTest4">
    <failure type="java.lang.NullPointerException">
      <![CDATA[java.lang.NullPointerException
	at com.TrustTaxQA.SmokeTest4.AccounttrustTaxLogin(SmokeTest4.java:38)
... Removed 24 stack frames]]>
    </failure>
  </testcase> <!-- AccounttrustTaxLogin -->
</testsuite> <!-- Test 4 -->
