<?xml version="1.0" encoding="UTF-8"?>
<!-- Generated by org.testng.reporters.JUnitXMLReporter -->
<testsuite hostname="U6043535-TPL-A" name="Test" tests="4" failures="0" timestamp="4 Oct 2017 03:35:50 GMT" time="27.132" errors="0">
  <testcase name="@BeforeMethod beforeMethod" time="0.0" classname="com.TrustTaxQA.SmokeTest">
    <failure type="java.lang.Exception">
      <![CDATA[java.lang.Exception
	at com.TrustTaxQA.BaseClass.beforeMethod(BaseClass.java:88)
... Removed 26 stack frames]]>
    </failure>
  </testcase> <!-- @BeforeMethod beforeMethod -->
  <testcase name="@AfterMethod afterMethod" time="0.0" classname="com.TrustTaxQA.SmokeTest">
    <skipped/>
  </testcase> <!-- @AfterMethod afterMethod -->
  <testcase name="@BeforeMethod beforeMethod" time="0.0" classname="com.TrustTaxQA.SmokeTest">
    <skipped/>
  </testcase> <!-- @BeforeMethod beforeMethod -->
  <testcase name="@AfterMethod afterMethod" time="0.0" classname="com.TrustTaxQA.SmokeTest">
    <skipped/>
  </testcase> <!-- @AfterMethod afterMethod -->
  <testcase name="@BeforeMethod beforeMethod" time="0.0" classname="com.TrustTaxQA.SmokeTest">
    <skipped/>
  </testcase> <!-- @BeforeMethod beforeMethod -->
  <testcase name="@AfterMethod afterMethod" time="0.0" classname="com.TrustTaxQA.SmokeTest">
    <skipped/>
  </testcase> <!-- @AfterMethod afterMethod -->
  <testcase name="@BeforeMethod beforeMethod" time="0.0" classname="com.TrustTaxQA.SmokeTest">
    <skipped/>
  </testcase> <!-- @BeforeMethod beforeMethod -->
  <testcase name="@AfterMethod afterMethod" time="0.0" classname="com.TrustTaxQA.SmokeTest">
    <skipped/>
  </testcase> <!-- @AfterMethod afterMethod -->
  <testcase name="AccounttrustTaxLogin" time="0.001" classname="com.TrustTaxQA.SmokeTest">
    <skipped/>
  </testcase> <!-- AccounttrustTaxLogin -->
  <testcase name="OpenAccount" time="0.001" classname="com.TrustTaxQA.SmokeTest">
    <skipped/>
  </testcase> <!-- OpenAccount -->
  <testcase name="setData" time="0.003" classname="com.TrustTaxQA.SmokeTest">
    <skipped/>
  </testcase> <!-- setData -->
  <testcase name="setData" time="0.001" classname="com.TrustTaxQA.SmokeTest">
    <skipped/>
  </testcase> <!-- setData -->
</testsuite> <!-- Test -->
