<?xml version="1.0" encoding="UTF-8"?>
<!-- Generated by org.testng.reporters.JUnitXMLReporter -->
<testsuite hostname="U6043535-TPL-A" name="Test1" tests="2" failures="1" timestamp="21 Oct 2017 17:43:47 GMT" time="0.041" errors="0">
  <testcase name="@AfterMethod afterMethod" time="0.0" classname="com.TrustTaxQA.SmokeTest">
    <failure type="java.lang.Exception">
      <![CDATA[java.lang.Exception
	at com.TrustTaxQA.BaseClass.afterMethod(BaseClass.java:108)
	at java.util.concurrent.FutureTask.run(Unknown Source)
	at java.util.concurrent.ThreadPoolExecutor.runWorker(Unknown Source)
	at java.util.concurrent.ThreadPoolExecutor$Worker.run(Unknown Source)
	at java.lang.Thread.run(Unknown Source)
... Removed 18 stack frames]]>
    </failure>
  </testcase> <!-- @AfterMethod afterMethod -->
  <testcase name="@AfterMethod afterMethod" time="0.0" classname="com.TrustTaxQA.SmokeTest">
    <skipped/>
  </testcase> <!-- @AfterMethod afterMethod -->
  <testcase name="AccounttrustTaxLogin" time="0.024" classname="com.TrustTaxQA.SmokeTest">
    <failure type="java.lang.Exception">
      <![CDATA[java.lang.Exception
	at com.TrustTaxQA.SmokeTest.AccounttrustTaxLogin(SmokeTest.java:34)
	at java.util.concurrent.FutureTask.run(Unknown Source)
	at java.util.concurrent.ThreadPoolExecutor.runWorker(Unknown Source)
	at java.util.concurrent.ThreadPoolExecutor$Worker.run(Unknown Source)
	at java.lang.Thread.run(Unknown Source)
... Removed 16 stack frames]]>
    </failure>
  </testcase> <!-- AccounttrustTaxLogin -->
  <testcase name="OpenAccount" time="0.001" classname="com.TrustTaxQA.SmokeTest">
    <skipped/>
  </testcase> <!-- OpenAccount -->
</testsuite> <!-- Test1 -->
