<?xml version="1.0" encoding="UTF-8"?>
<testng-results skipped="0" failed="0" total="1" passed="1">
  <reporter-output>
  </reporter-output>
  <suite name="OTT Regression" duration-ms="78910" started-at="2019-01-26T07:21:38Z" finished-at="2019-01-26T07:22:57Z">
    <groups>
    </groups>
    <test name="Extent report test" duration-ms="78910" started-at="2019-01-26T07:21:38Z" finished-at="2019-01-26T07:22:57Z">
      <class name="com.TrustTaxQA.SmokeTest">
        <test-method status="PASS" signature="beforeSuite()[pri:0, instance:com.TrustTaxQA.SmokeTest@21bcffb5]" name="beforeSuite" is-config="true" duration-ms="663" started-at="2019-01-26T12:51:38Z" finished-at="2019-01-26T12:51:38Z">
          <reporter-output>
          </reporter-output>
        </test-method> <!-- beforeSuite -->
        <test-method status="PASS" signature="oneSourceLogin2(java.lang.reflect.Method)[pri:0, instance:com.TrustTaxQA.SmokeTest@21bcffb5]" name="oneSourceLogin2" duration-ms="78905" started-at="2019-01-26T12:51:38Z" finished-at="2019-01-26T12:52:57Z">
          <params>
            <param index="0">
              <value>
                <![CDATA[public void com.TrustTaxQA.SmokeTest.oneSourceLogin2(java.lang.reflect.Method) throws java.lang.Exception]]>
              </value>
            </param>
          </params>
          <reporter-output>
          </reporter-output>
        </test-method> <!-- oneSourceLogin2 -->
        <test-method status="PASS" signature="afterSuite()[pri:0, instance:com.TrustTaxQA.SmokeTest@21bcffb5]" name="afterSuite" is-config="true" duration-ms="244" started-at="2019-01-26T12:52:57Z" finished-at="2019-01-26T12:52:58Z">
          <reporter-output>
          </reporter-output>
        </test-method> <!-- afterSuite -->
      </class> <!-- com.TrustTaxQA.SmokeTest -->
    </test> <!-- Extent report test -->
  </suite> <!-- OTT Regression -->
</testng-results>
