<?xml version="1.0" encoding="UTF-8"?>
<!-- Generated by org.testng.reporters.JUnitXMLReporter -->
<testsuite hostname="U6043535-TPL-A" name="OpenAccount" tests="2" failures="0" timestamp="20 Oct 2017 04:26:02 GMT" time="55.577" errors="0">
  <testcase name="@BeforeMethod beforeMethod" time="0.0" classname="com.TrustTaxQA.SmokeTest">
    <failure type="java.lang.Exception" message="Error communicating with the remote browser. It may have died.
Build info: version: &amp;apos;2.48.2&amp;apos;, revision: &amp;apos;41bccdd10cf2c0560f637404c2d96164b67d9d67&amp;apos;, time: &amp;apos;2015-10-09 13:08:06&amp;apos;
System info: host: &amp;apos;U6043535-TPL-A&amp;apos;, ip: &amp;apos;192.168.1.6&amp;apos;, os.name: &amp;apos;Windows 7&amp;apos;, os.arch: &amp;apos;amd64&amp;apos;, os.version: &amp;apos;6.1&amp;apos;, java.version: &amp;apos;1.8.0_131&amp;apos;
Driver info: driver.version: RemoteWebDriver">
      <![CDATA[java.lang.Exception: Error communicating with the remote browser. It may have died.
Build info: version: '2.48.2', revision: '41bccdd10cf2c0560f637404c2d96164b67d9d67', time: '2015-10-09 13:08:06'
System info: host: 'U6043535-TPL-A', ip: '192.168.1.6', os.name: 'Windows 7', os.arch: 'amd64', os.version: '6.1', java.version: '1.8.0_131'
Driver info: driver.version: RemoteWebDriver
	at com.TrustTaxQA.BaseClass.beforeMethod(BaseClass.java:91)
	at java.util.concurrent.FutureTask.run(Unknown Source)
	at java.util.concurrent.ThreadPoolExecutor.runWorker(Unknown Source)
	at java.util.concurrent.ThreadPoolExecutor$Worker.run(Unknown Source)
	at java.lang.Thread.run(Unknown Source)
... Removed 18 stack frames]]>
    </failure>
  </testcase> <!-- @BeforeMethod beforeMethod -->
  <testcase name="@AfterMethod afterMethod" time="0.0" classname="com.TrustTaxQA.SmokeTest">
    <skipped/>
  </testcase> <!-- @AfterMethod afterMethod -->
  <testcase name="AccounttrustTaxLogin" time="0.422" classname="com.TrustTaxQA.SmokeTest"/>
  <testcase name="OpenAccount" time="0.0" classname="com.TrustTaxQA.SmokeTest">
    <skipped/>
  </testcase> <!-- OpenAccount -->
</testsuite> <!-- OpenAccount -->
