<?xml version="1.0" encoding="UTF-8"?>
<!-- Generated by org.testng.reporters.JUnitXMLReporter -->
<testsuite hostname="U6043535-TPL-A" name="order" tests="1" failures="1" timestamp="20 Oct 2017 04:39:33 GMT" time="39.319" errors="0">
  <testcase name="@AfterMethod afterMethod" time="0.0" classname="com.TrustTaxQA.SmokeTest">
    <failure type="java.lang.Exception">
      <![CDATA[java.lang.Exception
	at com.TrustTaxQA.BaseClass.afterMethod(BaseClass.java:104)
... Removed 26 stack frames]]>
    </failure>
  </testcase> <!-- @AfterMethod afterMethod -->
  <testcase name="AccounttrustTaxLogin" time="0.004" classname="com.TrustTaxQA.SmokeTest">
    <failure type="java.lang.Exception">
      <![CDATA[java.lang.Exception
	at com.TrustTaxQA.SmokeTest.AccounttrustTaxLogin(SmokeTest.java:30)
... Removed 24 stack frames]]>
    </failure>
  </testcase> <!-- AccounttrustTaxLogin -->
</testsuite> <!-- order -->
