<?xml version="1.0" encoding="UTF-8"?>
<testng-results skipped="4" failed="0" total="4" passed="0">
  <reporter-output>
  </reporter-output>
  <suite name="Suite" duration-ms="27132" started-at="2017-10-04T03:35:23Z" finished-at="2017-10-04T03:35:50Z">
    <groups>
    </groups>
    <test name="Test" duration-ms="27132" started-at="2017-10-04T03:35:23Z" finished-at="2017-10-04T03:35:50Z">
      <class name="com.TrustTaxQA.SmokeTest">
        <test-method status="PASS" signature="beforeSuite()[pri:0, instance:com.TrustTaxQA.SmokeTest@4f209819]" name="beforeSuite" is-config="true" duration-ms="4298" started-at="2017-10-04T09:05:19Z" finished-at="2017-10-04T09:05:23Z">
          <reporter-output>
          </reporter-output>
        </test-method> <!-- beforeSuite -->
        <test-method status="FAIL" signature="beforeMethod(java.lang.String)[pri:0, instance:com.TrustTaxQA.SmokeTest@4f209819]" name="beforeMethod" is-config="true" duration-ms="0" started-at="2017-10-04T09:05:23Z" finished-at="2017-10-04T09:05:23Z">
          <params>
            <param index="0">
              <value>
                <![CDATA[Firefox]]>
              </value>
            </param>
          </params>
          <exception class="java.lang.Exception">
            <full-stacktrace>
              <![CDATA[java.lang.Exception
	at com.TrustTaxQA.BaseClass.beforeMethod(BaseClass.java:88)
	at sun.reflect.NativeMethodAccessorImpl.invoke0(Native Method)
	at sun.reflect.NativeMethodAccessorImpl.invoke(NativeMethodAccessorImpl.java:62)
	at sun.reflect.DelegatingMethodAccessorImpl.invoke(DelegatingMethodAccessorImpl.java:43)
	at java.lang.reflect.Method.invoke(Method.java:498)
	at org.testng.internal.MethodInvocationHelper.invokeMethod(MethodInvocationHelper.java:80)
	at org.testng.internal.Invoker.invokeConfigurationMethod(Invoker.java:564)
	at org.testng.internal.Invoker.invokeConfigurations(Invoker.java:213)
	at org.testng.internal.Invoker.invokeMethod(Invoker.java:653)
	at org.testng.internal.Invoker.invokeTestMethod(Invoker.java:901)
	at org.testng.internal.Invoker.invokeTestMethods(Invoker.java:1231)
	at org.testng.internal.TestMethodWorker.invokeTestMethods(TestMethodWorker.java:127)
	at org.testng.internal.TestMethodWorker.run(TestMethodWorker.java:111)
	at org.testng.TestRunner.privateRun(TestRunner.java:767)
	at org.testng.TestRunner.run(TestRunner.java:617)
	at org.testng.SuiteRunner.runTest(SuiteRunner.java:334)
	at org.testng.SuiteRunner.runSequentially(SuiteRunner.java:329)
	at org.testng.SuiteRunner.privateRun(SuiteRunner.java:291)
	at org.testng.SuiteRunner.run(SuiteRunner.java:240)
	at org.testng.SuiteRunnerWorker.runSuite(SuiteRunnerWorker.java:52)
	at org.testng.SuiteRunnerWorker.run(SuiteRunnerWorker.java:86)
	at org.testng.TestNG.runSuitesSequentially(TestNG.java:1198)
	at org.testng.TestNG.runSuitesLocally(TestNG.java:1123)
	at org.testng.TestNG.run(TestNG.java:1031)
	at org.testng.remote.AbstractRemoteTestNG.run(AbstractRemoteTestNG.java:114)
	at org.testng.remote.RemoteTestNG.initAndRun(RemoteTestNG.java:251)
	at org.testng.remote.RemoteTestNG.main(RemoteTestNG.java:77)
]]>
            </full-stacktrace>
          </exception> <!-- java.lang.Exception -->
          <reporter-output>
          </reporter-output>
        </test-method> <!-- beforeMethod -->
        <test-method status="SKIP" signature="AccounttrustTaxLogin(java.lang.reflect.Method)[pri:0, instance:com.TrustTaxQA.SmokeTest@4f209819]" name="AccounttrustTaxLogin" duration-ms="1" started-at="2017-10-04T09:05:27Z" finished-at="2017-10-04T09:05:27Z">
          <params>
            <param index="0">
              <value>
                <![CDATA[public void com.TrustTaxQA.SmokeTest.AccounttrustTaxLogin(java.lang.reflect.Method) throws java.lang.Exception]]>
              </value>
            </param>
          </params>
          <reporter-output>
          </reporter-output>
        </test-method> <!-- AccounttrustTaxLogin -->
        <test-method status="SKIP" signature="afterMethod(org.testng.ITestResult)[pri:0, instance:com.TrustTaxQA.SmokeTest@4f209819]" name="afterMethod" is-config="true" duration-ms="0" started-at="2017-10-04T09:05:27Z" finished-at="2017-10-04T09:05:27Z">
          <reporter-output>
          </reporter-output>
        </test-method> <!-- afterMethod -->
        <test-method status="SKIP" signature="beforeMethod(java.lang.String)[pri:0, instance:com.TrustTaxQA.SmokeTest@4f209819]" name="beforeMethod" is-config="true" duration-ms="0" started-at="2017-10-04T09:05:27Z" finished-at="2017-10-04T09:05:27Z">
          <reporter-output>
          </reporter-output>
        </test-method> <!-- beforeMethod -->
        <test-method status="SKIP" signature="OpenAccount(java.lang.reflect.Method)[pri:0, instance:com.TrustTaxQA.SmokeTest@4f209819]" name="OpenAccount" duration-ms="1" started-at="2017-10-04T09:05:27Z" finished-at="2017-10-04T09:05:27Z">
          <params>
            <param index="0">
              <value>
                <![CDATA[public void com.TrustTaxQA.SmokeTest.OpenAccount(java.lang.reflect.Method) throws java.lang.Exception]]>
              </value>
            </param>
          </params>
          <reporter-output>
          </reporter-output>
        </test-method> <!-- OpenAccount -->
        <test-method status="SKIP" signature="afterMethod(org.testng.ITestResult)[pri:0, instance:com.TrustTaxQA.SmokeTest@4f209819]" name="afterMethod" is-config="true" duration-ms="0" started-at="2017-10-04T09:05:27Z" finished-at="2017-10-04T09:05:27Z">
          <reporter-output>
          </reporter-output>
        </test-method> <!-- afterMethod -->
        <test-method status="SKIP" signature="beforeMethod(java.lang.String)[pri:0, instance:com.TrustTaxQA.SmokeTest@4f209819]" name="beforeMethod" is-config="true" duration-ms="0" started-at="2017-10-04T09:05:50Z" finished-at="2017-10-04T09:05:50Z">
          <reporter-output>
          </reporter-output>
        </test-method> <!-- beforeMethod -->
        <test-method status="SKIP" signature="setData(java.lang.String, java.lang.String)[pri:0, instance:com.TrustTaxQA.SmokeTest@4f209819]" name="setData" duration-ms="3" started-at="2017-10-04T09:05:50Z" data-provider="getData" finished-at="2017-10-04T09:05:50Z">
          <params>
            <param index="0">
              <value>
                <![CDATA[user1]]>
              </value>
            </param>
            <param index="1">
              <value>
                <![CDATA[password1]]>
              </value>
            </param>
          </params>
          <reporter-output>
          </reporter-output>
        </test-method> <!-- setData -->
        <test-method status="SKIP" signature="afterMethod(org.testng.ITestResult)[pri:0, instance:com.TrustTaxQA.SmokeTest@4f209819]" name="afterMethod" is-config="true" duration-ms="0" started-at="2017-10-04T09:05:50Z" finished-at="2017-10-04T09:05:50Z">
          <reporter-output>
          </reporter-output>
        </test-method> <!-- afterMethod -->
        <test-method status="SKIP" signature="beforeMethod(java.lang.String)[pri:0, instance:com.TrustTaxQA.SmokeTest@4f209819]" name="beforeMethod" is-config="true" duration-ms="0" started-at="2017-10-04T09:05:50Z" finished-at="2017-10-04T09:05:50Z">
          <reporter-output>
          </reporter-output>
        </test-method> <!-- beforeMethod -->
        <test-method status="SKIP" signature="setData(java.lang.String, java.lang.String)[pri:0, instance:com.TrustTaxQA.SmokeTest@4f209819]" name="setData" duration-ms="1" started-at="2017-10-04T09:05:50Z" data-provider="getData" finished-at="2017-10-04T09:05:50Z">
          <params>
            <param index="0">
              <value>
                <![CDATA[user2]]>
              </value>
            </param>
            <param index="1">
              <value>
                <![CDATA[password2]]>
              </value>
            </param>
          </params>
          <reporter-output>
          </reporter-output>
        </test-method> <!-- setData -->
        <test-method status="SKIP" signature="afterMethod(org.testng.ITestResult)[pri:0, instance:com.TrustTaxQA.SmokeTest@4f209819]" name="afterMethod" is-config="true" duration-ms="0" started-at="2017-10-04T09:05:50Z" finished-at="2017-10-04T09:05:50Z">
          <reporter-output>
          </reporter-output>
        </test-method> <!-- afterMethod -->
        <test-method status="SKIP" signature="afterSuite()[pri:0, instance:com.TrustTaxQA.SmokeTest@4f209819]" name="afterSuite" is-config="true" duration-ms="0" started-at="2017-10-04T09:05:50Z" finished-at="2017-10-04T09:05:50Z">
          <reporter-output>
          </reporter-output>
        </test-method> <!-- afterSuite -->
      </class> <!-- com.TrustTaxQA.SmokeTest -->
    </test> <!-- Test -->
  </suite> <!-- Suite -->
</testng-results>
