<?xml version="1.0" encoding="UTF-8"?>
<testng-results skipped="0" failed="0" total="2" passed="2">
  <reporter-output>
  </reporter-output>
  <suite name="OTT Regression" duration-ms="79092" started-at="2019-01-25T14:42:18Z" finished-at="2019-01-25T14:43:37Z">
    <groups>
    </groups>
    <test name="Extent report test" duration-ms="79092" started-at="2019-01-25T14:42:18Z" finished-at="2019-01-25T14:43:37Z">
      <class name="com.TrustTaxQA.SmokeTest">
        <test-method status="PASS" signature="beforeSuite()[pri:0, instance:com.TrustTaxQA.SmokeTest@6eebc39e]" name="beforeSuite" is-config="true" duration-ms="637" started-at="2019-01-25T20:12:17Z" finished-at="2019-01-25T20:12:18Z">
          <reporter-output>
          </reporter-output>
        </test-method> <!-- beforeSuite -->
        <test-method status="PASS" signature="oneSourceLogin1(java.lang.reflect.Method)[pri:0, instance:com.TrustTaxQA.SmokeTest@6eebc39e]" name="oneSourceLogin1" duration-ms="40676" started-at="2019-01-25T20:12:18Z" finished-at="2019-01-25T20:12:58Z">
          <params>
            <param index="0">
              <value>
                <![CDATA[public void com.TrustTaxQA.SmokeTest.oneSourceLogin1(java.lang.reflect.Method) throws java.lang.Exception]]>
              </value>
            </param>
          </params>
          <reporter-output>
          </reporter-output>
        </test-method> <!-- oneSourceLogin1 -->
        <test-method status="PASS" signature="oneSourceLogin2(java.lang.reflect.Method)[pri:0, instance:com.TrustTaxQA.SmokeTest@6eebc39e]" name="oneSourceLogin2" duration-ms="38407" started-at="2019-01-25T20:12:58Z" finished-at="2019-01-25T20:13:37Z">
          <params>
            <param index="0">
              <value>
                <![CDATA[public void com.TrustTaxQA.SmokeTest.oneSourceLogin2(java.lang.reflect.Method) throws java.lang.Exception]]>
              </value>
            </param>
          </params>
          <reporter-output>
          </reporter-output>
        </test-method> <!-- oneSourceLogin2 -->
        <test-method status="PASS" signature="afterSuite()[pri:0, instance:com.TrustTaxQA.SmokeTest@6eebc39e]" name="afterSuite" is-config="true" duration-ms="232" started-at="2019-01-25T20:13:37Z" finished-at="2019-01-25T20:13:37Z">
          <reporter-output>
          </reporter-output>
        </test-method> <!-- afterSuite -->
      </class> <!-- com.TrustTaxQA.SmokeTest -->
    </test> <!-- Extent report test -->
  </suite> <!-- OTT Regression -->
</testng-results>
