<?xml version="1.0" encoding="UTF-8"?>
<!-- Generated by org.testng.reporters.JUnitXMLReporter -->
<testsuite hostname="U6043535-TPL-A" name="Extent report test" tests="2" failures="0" timestamp="30 Sep 2017 16:22:03 GMT" time="0.018" errors="0">
  <testcase name="@BeforeSuite beforeSuite" time="0.0" classname="com.TrustTaxQA.SmokeTest">
    <failure type="java.lang.NullPointerException">
      <![CDATA[java.lang.NullPointerException
	at com.TrustTaxQA.BaseClass.beforeSuite(BaseClass.java:73)
... Removed 18 stack frames]]>
    </failure>
  </testcase> <!-- @BeforeSuite beforeSuite -->
  <testcase name="@BeforeMethod beforeMethod" time="0.0" classname="com.TrustTaxQA.SmokeTest">
    <skipped/>
  </testcase> <!-- @BeforeMethod beforeMethod -->
  <testcase name="@AfterMethod afterMethod" time="0.0" classname="com.TrustTaxQA.SmokeTest">
    <skipped/>
  </testcase> <!-- @AfterMethod afterMethod -->
  <testcase name="@BeforeMethod beforeMethod" time="0.0" classname="com.TrustTaxQA.SmokeTest">
    <skipped/>
  </testcase> <!-- @BeforeMethod beforeMethod -->
  <testcase name="@AfterMethod afterMethod" time="0.0" classname="com.TrustTaxQA.SmokeTest">
    <skipped/>
  </testcase> <!-- @AfterMethod afterMethod -->
  <testcase name="AccounttrustTaxLogin" time="0.001" classname="com.TrustTaxQA.SmokeTest">
    <skipped/>
  </testcase> <!-- AccounttrustTaxLogin -->
  <testcase name="OpenAccount" time="0.001" classname="com.TrustTaxQA.SmokeTest">
    <skipped/>
  </testcase> <!-- OpenAccount -->
</testsuite> <!-- Extent report test -->
