<?xml version="1.0" encoding="UTF-8"?>
<!-- Generated by org.testng.reporters.JUnitXMLReporter -->
<testsuite hostname="U6043535-TPL-A" name="Firefox Test" tests="10" failures="0" timestamp="16 Nov 2017 17:08:34 GMT" time="49.058" errors="0">
  <testcase name="AccounttrustTaxLogin4" time="20.647" classname="com.TrustTaxQA.SmokeTest1"/>
  <testcase name="AccounttrustTaxLogin3" time="21.069" classname="com.TrustTaxQA.SmokeTest1"/>
  <testcase name="AccounttrustTaxLogin10" time="25.611" classname="com.TrustTaxQA.SmokeTest1"/>
  <testcase name="AccounttrustTaxLogin5" time="29.866" classname="com.TrustTaxQA.SmokeTest1"/>
  <testcase name="AccounttrustTaxLogin9" time="32.803" classname="com.TrustTaxQA.SmokeTest1"/>
  <testcase name="AccounttrustTaxLogin8" time="35.622" classname="com.TrustTaxQA.SmokeTest1"/>
  <testcase name="AccounttrustTaxLogin6" time="39.011" classname="com.TrustTaxQA.SmokeTest1"/>
  <testcase name="AccounttrustTaxLogin2" time="42.919" classname="com.TrustTaxQA.SmokeTest1"/>
  <testcase name="AccounttrustTaxLogin7" time="46.534" classname="com.TrustTaxQA.SmokeTest1"/>
  <testcase name="AccounttrustTaxLogin1" time="49.044" classname="com.TrustTaxQA.SmokeTest1"/>
</testsuite> <!-- Firefox Test -->
