<?xml version="1.0" encoding="UTF-8"?>
<!-- Generated by org.testng.reporters.JUnitXMLReporter -->
<testsuite hostname="U6043535-TPL-A" name="testGuru" tests="4" failures="0" timestamp="24 Jan 2019 10:33:10 GMT" time="76.485" errors="0">
  <testcase name="oneSourceLogin" time="57.029" classname="com.TrustTaxQA.SmokeTest"/>
  <testcase name="setData" time="5.251" classname="com.TrustTaxQA.SmokeTest"/>
  <testcase name="setData" time="9.322" classname="com.TrustTaxQA.SmokeTest"/>
  <testcase name="setData" time="4.869" classname="com.TrustTaxQA.SmokeTest"/>
</testsuite> <!-- testGuru -->
