<?xml version="1.0" encoding="UTF-8"?>
<!-- Generated by org.testng.reporters.JUnitXMLReporter -->
<testsuite hostname="U6043535-TPL-A" name="testGuru22" tests="3" failures="0" timestamp="22 Nov 2017 13:45:20 GMT" time="110.057" errors="0">
  <testcase name="AccounttrustTaxLogin5" time="91.716" classname="com.TrustTaxQA.Regression"/>
  <testcase name="AccounttrustTaxLogin6" time="94.608" classname="com.TrustTaxQA.Regression"/>
  <testcase name="AccounttrustTaxLogin4" time="110.055" classname="com.TrustTaxQA.Regression"/>
</testsuite> <!-- testGuru22 -->
